<?xml version="1.0" encoding="UTF-8"?>
<testsuite name="com.kazurayam.study.domain.MaterialTest" tests="3" skipped="0" failures="0" errors="0" timestamp="2022-05-21T10:39:30" hostname="KAZUAKInoMacBook-Air-2.local" time="0.071">
  <properties/>
  <testcase name="test_constructor_from_json()" classname="com.kazurayam.study.domain.MaterialTest" time="0.065"/>
  <testcase name="test_equals()" classname="com.kazurayam.study.domain.MaterialTest" time="0.002"/>
  <testcase name="test_toJson()" classname="com.kazurayam.study.domain.MaterialTest" time="0.002"/>
  <system-out><![CDATA[]]></system-out>
  <system-err><![CDATA[]]></system-err>
</testsuite>
